{"timestamp": "2026-04-22T07:31:12Z", "event_type": "startup", "message": "COMPLIANCE_MODE active. Internal use only."}
{"timestamp": "2026-04-22T07:31:19Z", "event_type": "persistent_session", "message": "Single tab will run all searches until done."}
{"timestamp": "2026-04-22T07:31:19Z", "event_type": "query_started", "message": "Query started", "profession": "18 Wheeler Accident Lawyer", "location": "San Antonio", "pincode": "78255", "iteration": 1}
{"timestamp": "2026-04-22T07:31:24Z", "event_type": "manual_captcha_wait", "message": "Solve challenge in browser", "grace_seconds": 30, "sound": true}
{"timestamp": "2026-04-22T07:31:56Z", "event_type": "manual_captcha_cleared", "message": "Verification page cleared after grace period"}
{"timestamp": "2026-04-22T07:32:03Z", "event_type": "results_extracted", "message": "Sponsored extraction completed", "query": "18+Wheeler+Accident+Lawyer+near+San+Antonio+78255", "sponsored_links_found": 4}
{"timestamp": "2026-04-22T07:32:03Z", "event_type": "results_extracted", "message": "Iteration completed", "query": "18+Wheeler+Accident+Lawyer+near+San+Antonio+78255", "sponsored_links_found": 4, "unique_new_records": 4}
{"timestamp": "2026-04-22T07:32:12Z", "event_type": "query_started", "message": "Query started", "profession": "18 Wheeler Accident Lawyer", "location": "San Antonio", "pincode": "78255", "iteration": 2}
{"timestamp": "2026-04-22T07:32:20Z", "event_type": "results_extracted", "message": "Sponsored extraction completed", "query": "18+Wheeler+Accident+Lawyer+near+San+Antonio+78255", "sponsored_links_found": 4}
{"timestamp": "2026-04-22T07:32:20Z", "event_type": "results_extracted", "message": "Iteration completed", "query": "18+Wheeler+Accident+Lawyer+near+San+Antonio+78255", "sponsored_links_found": 4, "unique_new_records": 0}
{"timestamp": "2026-04-22T07:32:32Z", "event_type": "query_started", "message": "Query started", "profession": "18 Wheeler Accident Lawyer", "location": "San Antonio", "pincode": "78255", "iteration": 3}
{"timestamp": "2026-04-22T07:32:42Z", "event_type": "results_extracted", "message": "Sponsored extraction completed", "query": "18+Wheeler+Accident+Lawyer+near+San+Antonio+78255", "sponsored_links_found": 4}
{"timestamp": "2026-04-22T07:32:42Z", "event_type": "results_extracted", "message": "Iteration completed", "query": "18+Wheeler+Accident+Lawyer+near+San+Antonio+78255", "sponsored_links_found": 4, "unique_new_records": 0}
{"timestamp": "2026-04-22T07:32:54Z", "event_type": "query_started", "message": "Query started", "profession": "18 Wheeler Accident Lawyer", "location": "San Antonio", "pincode": "78255", "iteration": 4}
{"timestamp": "2026-04-22T07:33:02Z", "event_type": "results_extracted", "message": "Sponsored extraction completed", "query": "18+Wheeler+Accident+Lawyer+near+San+Antonio+78255", "sponsored_links_found": 4}
{"timestamp": "2026-04-22T07:33:02Z", "event_type": "results_extracted", "message": "Iteration completed", "query": "18+Wheeler+Accident+Lawyer+near+San+Antonio+78255", "sponsored_links_found": 4, "unique_new_records": 1}
{"timestamp": "2026-04-22T07:33:12Z", "event_type": "query_started", "message": "Query started", "profession": "18 Wheeler Accident Lawyer", "location": "San Antonio", "pincode": "78255", "iteration": 5}
{"timestamp": "2026-04-22T07:33:21Z", "event_type": "results_extracted", "message": "Sponsored extraction completed", "query": "18+Wheeler+Accident+Lawyer+near+San+Antonio+78255", "sponsored_links_found": 3}
{"timestamp": "2026-04-22T07:33:21Z", "event_type": "results_extracted", "message": "Iteration completed", "query": "18+Wheeler+Accident+Lawyer+near+San+Antonio+78255", "sponsored_links_found": 3, "unique_new_records": 0}
{"timestamp": "2026-04-22T07:33:36Z", "event_type": "query_started", "message": "Query started", "profession": "Truck Accident Attorney", "location": "Houston", "pincode": "77024", "iteration": 1}
{"timestamp": "2026-04-22T07:33:44Z", "event_type": "results_extracted", "message": "Sponsored extraction completed", "query": "Truck+Accident+Attorney+near+Houston+77024", "sponsored_links_found": 1}
{"timestamp": "2026-04-22T07:33:44Z", "event_type": "results_extracted", "message": "Iteration completed", "query": "Truck+Accident+Attorney+near+Houston+77024", "sponsored_links_found": 1, "unique_new_records": 1}
{"timestamp": "2026-04-22T07:33:56Z", "event_type": "query_started", "message": "Query started", "profession": "Truck Accident Attorney", "location": "Houston", "pincode": "77024", "iteration": 2}
{"timestamp": "2026-04-22T07:34:05Z", "event_type": "results_extracted", "message": "Sponsored extraction completed", "query": "Truck+Accident+Attorney+near+Houston+77024", "sponsored_links_found": 1}
{"timestamp": "2026-04-22T07:34:05Z", "event_type": "results_extracted", "message": "Iteration completed", "query": "Truck+Accident+Attorney+near+Houston+77024", "sponsored_links_found": 1, "unique_new_records": 0}
{"timestamp": "2026-04-22T07:34:15Z", "event_type": "query_started", "message": "Query started", "profession": "Truck Accident Attorney", "location": "Houston", "pincode": "77024", "iteration": 3}
{"timestamp": "2026-04-22T07:34:25Z", "event_type": "results_extracted", "message": "Sponsored extraction completed", "query": "Truck+Accident+Attorney+near+Houston+77024", "sponsored_links_found": 1}
{"timestamp": "2026-04-22T07:34:25Z", "event_type": "results_extracted", "message": "Iteration completed", "query": "Truck+Accident+Attorney+near+Houston+77024", "sponsored_links_found": 1, "unique_new_records": 0}
{"timestamp": "2026-04-22T07:34:35Z", "event_type": "query_started", "message": "Query started", "profession": "Truck Accident Attorney", "location": "Houston", "pincode": "77024", "iteration": 4}
{"timestamp": "2026-04-22T07:34:44Z", "event_type": "results_extracted", "message": "Sponsored extraction completed", "query": "Truck+Accident+Attorney+near+Houston+77024", "sponsored_links_found": 1}
{"timestamp": "2026-04-22T07:34:44Z", "event_type": "results_extracted", "message": "Iteration completed", "query": "Truck+Accident+Attorney+near+Houston+77024", "sponsored_links_found": 1, "unique_new_records": 0}
{"timestamp": "2026-04-22T07:34:53Z", "event_type": "query_started", "message": "Query started", "profession": "Truck Accident Attorney", "location": "Houston", "pincode": "77024", "iteration": 5}
{"timestamp": "2026-04-22T07:35:02Z", "event_type": "results_extracted", "message": "Sponsored extraction completed", "query": "Truck+Accident+Attorney+near+Houston+77024", "sponsored_links_found": 1}
{"timestamp": "2026-04-22T07:35:02Z", "event_type": "results_extracted", "message": "Iteration completed", "query": "Truck+Accident+Attorney+near+Houston+77024", "sponsored_links_found": 1, "unique_new_records": 0}
{"timestamp": "2026-04-22T07:35:19Z", "event_type": "query_started", "message": "Query started", "profession": "High Net Worth Divorce Lawyer", "location": "Dallas", "pincode": "75205", "iteration": 1}
{"timestamp": "2026-04-22T07:35:53Z", "event_type": "results_extracted", "message": "Sponsored extraction completed", "query": "High+Net+Worth+Divorce+Lawyer+near+Dallas+75205", "sponsored_links_found": 0}
{"timestamp": "2026-04-22T07:35:53Z", "event_type": "results_extracted", "message": "Iteration completed", "query": "High+Net+Worth+Divorce+Lawyer+near+Dallas+75205", "sponsored_links_found": 0, "unique_new_records": 0}
{"timestamp": "2026-04-22T07:36:05Z", "event_type": "query_started", "message": "Query started", "profession": "High Net Worth Divorce Lawyer", "location": "Dallas", "pincode": "75205", "iteration": 2}
{"timestamp": "2026-04-22T07:36:14Z", "event_type": "results_extracted", "message": "Sponsored extraction completed", "query": "High+Net+Worth+Divorce+Lawyer+near+Dallas+75205", "sponsored_links_found": 0}
{"timestamp": "2026-04-22T07:36:14Z", "event_type": "results_extracted", "message": "Iteration completed", "query": "High+Net+Worth+Divorce+Lawyer+near+Dallas+75205", "sponsored_links_found": 0, "unique_new_records": 0}
{"timestamp": "2026-04-22T07:36:24Z", "event_type": "query_started", "message": "Query started", "profession": "High Net Worth Divorce Lawyer", "location": "Dallas", "pincode": "75205", "iteration": 3}
{"timestamp": "2026-04-22T07:36:31Z", "event_type": "results_extracted", "message": "Sponsored extraction completed", "query": "High+Net+Worth+Divorce+Lawyer+near+Dallas+75205", "sponsored_links_found": 1}
{"timestamp": "2026-04-22T07:36:31Z", "event_type": "results_extracted", "message": "Iteration completed", "query": "High+Net+Worth+Divorce+Lawyer+near+Dallas+75205", "sponsored_links_found": 1, "unique_new_records": 1}
{"timestamp": "2026-04-22T07:36:42Z", "event_type": "query_started", "message": "Query started", "profession": "High Net Worth Divorce Lawyer", "location": "Dallas", "pincode": "75205", "iteration": 4}
{"timestamp": "2026-04-22T07:36:50Z", "event_type": "results_extracted", "message": "Sponsored extraction completed", "query": "High+Net+Worth+Divorce+Lawyer+near+Dallas+75205", "sponsored_links_found": 1}
{"timestamp": "2026-04-22T07:36:50Z", "event_type": "results_extracted", "message": "Iteration completed", "query": "High+Net+Worth+Divorce+Lawyer+near+Dallas+75205", "sponsored_links_found": 1, "unique_new_records": 0}
{"timestamp": "2026-04-22T07:36:58Z", "event_type": "query_started", "message": "Query started", "profession": "High Net Worth Divorce Lawyer", "location": "Dallas", "pincode": "75205", "iteration": 5}
{"timestamp": "2026-04-22T07:37:31Z", "event_type": "results_extracted", "message": "Sponsored extraction completed", "query": "High+Net+Worth+Divorce+Lawyer+near+Dallas+75205", "sponsored_links_found": 0}
{"timestamp": "2026-04-22T07:37:31Z", "event_type": "results_extracted", "message": "Iteration completed", "query": "High+Net+Worth+Divorce+Lawyer+near+Dallas+75205", "sponsored_links_found": 0, "unique_new_records": 0}
{"timestamp": "2026-04-22T07:37:49Z", "event_type": "query_started", "message": "Query started", "profession": "Estate Planning Attorney", "location": "Austin", "pincode": "78746", "iteration": 1}
{"timestamp": "2026-04-22T07:38:13Z", "event_type": "results_extracted", "message": "Sponsored extraction completed", "query": "Estate+Planning+Attorney+near+Austin+78746", "sponsored_links_found": 0}
{"timestamp": "2026-04-22T07:38:13Z", "event_type": "results_extracted", "message": "Iteration completed", "query": "Estate+Planning+Attorney+near+Austin+78746", "sponsored_links_found": 0, "unique_new_records": 0}
{"timestamp": "2026-04-22T07:38:22Z", "event_type": "query_started", "message": "Query started", "profession": "Estate Planning Attorney", "location": "Austin", "pincode": "78746", "iteration": 2}
{"timestamp": "2026-04-22T07:38:56Z", "event_type": "results_extracted", "message": "Sponsored extraction completed", "query": "Estate+Planning+Attorney+near+Austin+78746", "sponsored_links_found": 0}
{"timestamp": "2026-04-22T07:38:56Z", "event_type": "results_extracted", "message": "Iteration completed", "query": "Estate+Planning+Attorney+near+Austin+78746", "sponsored_links_found": 0, "unique_new_records": 0}
{"timestamp": "2026-04-22T07:39:06Z", "event_type": "query_started", "message": "Query started", "profession": "Estate Planning Attorney", "location": "Austin", "pincode": "78746", "iteration": 3}
{"timestamp": "2026-04-22T07:39:16Z", "event_type": "results_extracted", "message": "Sponsored extraction completed", "query": "Estate+Planning+Attorney+near+Austin+78746", "sponsored_links_found": 2}
{"timestamp": "2026-04-22T07:39:16Z", "event_type": "results_extracted", "message": "Iteration completed", "query": "Estate+Planning+Attorney+near+Austin+78746", "sponsored_links_found": 2, "unique_new_records": 2}
{"timestamp": "2026-04-22T07:39:27Z", "event_type": "query_started", "message": "Query started", "profession": "Estate Planning Attorney", "location": "Austin", "pincode": "78746", "iteration": 4}
{"timestamp": "2026-04-22T07:39:34Z", "event_type": "results_extracted", "message": "Sponsored extraction completed", "query": "Estate+Planning+Attorney+near+Austin+78746", "sponsored_links_found": 1}
{"timestamp": "2026-04-22T07:39:34Z", "event_type": "results_extracted", "message": "Iteration completed", "query": "Estate+Planning+Attorney+near+Austin+78746", "sponsored_links_found": 1, "unique_new_records": 0}
{"timestamp": "2026-04-22T07:39:46Z", "event_type": "query_started", "message": "Query started", "profession": "Estate Planning Attorney", "location": "Austin", "pincode": "78746", "iteration": 5}
{"timestamp": "2026-04-22T07:40:20Z", "event_type": "results_extracted", "message": "Sponsored extraction completed", "query": "Estate+Planning+Attorney+near+Austin+78746", "sponsored_links_found": 0}
{"timestamp": "2026-04-22T07:40:20Z", "event_type": "results_extracted", "message": "Iteration completed", "query": "Estate+Planning+Attorney+near+Austin+78746", "sponsored_links_found": 0, "unique_new_records": 0}
{"timestamp": "2026-04-22T07:40:34Z", "event_type": "query_started", "message": "Query started", "profession": "Probate Lawyer", "location": "Austin", "pincode": "78701", "iteration": 1}
{"timestamp": "2026-04-22T07:40:41Z", "event_type": "results_extracted", "message": "Sponsored extraction completed", "query": "Probate+Lawyer+near+Austin+78701", "sponsored_links_found": 0}
{"timestamp": "2026-04-22T07:40:41Z", "event_type": "results_extracted", "message": "Iteration completed", "query": "Probate+Lawyer+near+Austin+78701", "sponsored_links_found": 0, "unique_new_records": 0}
{"timestamp": "2026-04-22T07:40:49Z", "event_type": "query_started", "message": "Query started", "profession": "Probate Lawyer", "location": "Austin", "pincode": "78701", "iteration": 2}
{"timestamp": "2026-04-22T07:41:00Z", "event_type": "results_extracted", "message": "Sponsored extraction completed", "query": "Probate+Lawyer+near+Austin+78701", "sponsored_links_found": 4}
{"timestamp": "2026-04-22T07:41:00Z", "event_type": "results_extracted", "message": "Iteration completed", "query": "Probate+Lawyer+near+Austin+78701", "sponsored_links_found": 4, "unique_new_records": 3}
{"timestamp": "2026-04-22T07:41:08Z", "event_type": "query_started", "message": "Query started", "profession": "Probate Lawyer", "location": "Austin", "pincode": "78701", "iteration": 3}
{"timestamp": "2026-04-22T07:41:16Z", "event_type": "results_extracted", "message": "Sponsored extraction completed", "query": "Probate+Lawyer+near+Austin+78701", "sponsored_links_found": 2}
{"timestamp": "2026-04-22T07:41:16Z", "event_type": "results_extracted", "message": "Iteration completed", "query": "Probate+Lawyer+near+Austin+78701", "sponsored_links_found": 2, "unique_new_records": 1}
{"timestamp": "2026-04-22T07:41:28Z", "event_type": "query_started", "message": "Query started", "profession": "Probate Lawyer", "location": "Austin", "pincode": "78701", "iteration": 4}
{"timestamp": "2026-04-22T07:41:37Z", "event_type": "results_extracted", "message": "Sponsored extraction completed", "query": "Probate+Lawyer+near+Austin+78701", "sponsored_links_found": 4}
{"timestamp": "2026-04-22T07:41:37Z", "event_type": "results_extracted", "message": "Iteration completed", "query": "Probate+Lawyer+near+Austin+78701", "sponsored_links_found": 4, "unique_new_records": 1}
{"timestamp": "2026-04-22T07:41:46Z", "event_type": "query_started", "message": "Query started", "profession": "Probate Lawyer", "location": "Austin", "pincode": "78701", "iteration": 5}
{"timestamp": "2026-04-22T07:41:56Z", "event_type": "results_extracted", "message": "Sponsored extraction completed", "query": "Probate+Lawyer+near+Austin+78701", "sponsored_links_found": 2}
{"timestamp": "2026-04-22T07:41:56Z", "event_type": "results_extracted", "message": "Iteration completed", "query": "Probate+Lawyer+near+Austin+78701", "sponsored_links_found": 2, "unique_new_records": 0}
{"timestamp": "2026-04-22T07:42:13Z", "event_type": "query_started", "message": "Query started", "profession": "Personal Injury Attorney", "location": "Houston", "pincode": "77005", "iteration": 1}
{"timestamp": "2026-04-22T07:42:48Z", "event_type": "results_extracted", "message": "Sponsored extraction completed", "query": "Personal+Injury+Attorney+near+Houston+77005", "sponsored_links_found": 0}
{"timestamp": "2026-04-22T07:42:48Z", "event_type": "results_extracted", "message": "Iteration completed", "query": "Personal+Injury+Attorney+near+Houston+77005", "sponsored_links_found": 0, "unique_new_records": 0}
{"timestamp": "2026-04-22T07:42:58Z", "event_type": "query_started", "message": "Query started", "profession": "Personal Injury Attorney", "location": "Houston", "pincode": "77005", "iteration": 2}
{"timestamp": "2026-04-22T07:43:23Z", "event_type": "results_extracted", "message": "Sponsored extraction completed", "query": "Personal+Injury+Attorney+near+Houston+77005", "sponsored_links_found": 0}
{"timestamp": "2026-04-22T07:43:23Z", "event_type": "results_extracted", "message": "Iteration completed", "query": "Personal+Injury+Attorney+near+Houston+77005", "sponsored_links_found": 0, "unique_new_records": 0}
{"timestamp": "2026-04-22T07:43:34Z", "event_type": "query_started", "message": "Query started", "profession": "Personal Injury Attorney", "location": "Houston", "pincode": "77005", "iteration": 3}
{"timestamp": "2026-04-22T07:44:08Z", "event_type": "results_extracted", "message": "Sponsored extraction completed", "query": "Personal+Injury+Attorney+near+Houston+77005", "sponsored_links_found": 0}
{"timestamp": "2026-04-22T07:44:08Z", "event_type": "results_extracted", "message": "Iteration completed", "query": "Personal+Injury+Attorney+near+Houston+77005", "sponsored_links_found": 0, "unique_new_records": 0}
{"timestamp": "2026-04-22T07:44:16Z", "event_type": "query_started", "message": "Query started", "profession": "Personal Injury Attorney", "location": "Houston", "pincode": "77005", "iteration": 4}
{"timestamp": "2026-04-22T07:44:49Z", "event_type": "results_extracted", "message": "Sponsored extraction completed", "query": "Personal+Injury+Attorney+near+Houston+77005", "sponsored_links_found": 0}
{"timestamp": "2026-04-22T07:44:49Z", "event_type": "results_extracted", "message": "Iteration completed", "query": "Personal+Injury+Attorney+near+Houston+77005", "sponsored_links_found": 0, "unique_new_records": 0}
{"timestamp": "2026-04-22T07:44:58Z", "event_type": "query_started", "message": "Query started", "profession": "Personal Injury Attorney", "location": "Houston", "pincode": "77005", "iteration": 5}
{"timestamp": "2026-04-22T07:45:08Z", "event_type": "results_extracted", "message": "Sponsored extraction completed", "query": "Personal+Injury+Attorney+near+Houston+77005", "sponsored_links_found": 1}
{"timestamp": "2026-04-22T07:45:08Z", "event_type": "results_extracted", "message": "Iteration completed", "query": "Personal+Injury+Attorney+near+Houston+77005", "sponsored_links_found": 1, "unique_new_records": 1}
{"timestamp": "2026-04-22T07:45:24Z", "event_type": "query_started", "message": "Query started", "profession": "18 Wheeler Accident Lawyer", "location": "Dallas", "pincode": "75225", "iteration": 1}
{"timestamp": "2026-04-22T07:45:35Z", "event_type": "results_extracted", "message": "Sponsored extraction completed", "query": "18+Wheeler+Accident+Lawyer+near+Dallas+75225", "sponsored_links_found": 2}
{"timestamp": "2026-04-22T07:45:35Z", "event_type": "results_extracted", "message": "Iteration completed", "query": "18+Wheeler+Accident+Lawyer+near+Dallas+75225", "sponsored_links_found": 2, "unique_new_records": 2}
{"timestamp": "2026-04-22T07:45:43Z", "event_type": "query_started", "message": "Query started", "profession": "18 Wheeler Accident Lawyer", "location": "Dallas", "pincode": "75225", "iteration": 2}
{"timestamp": "2026-04-22T07:45:54Z", "event_type": "results_extracted", "message": "Sponsored extraction completed", "query": "18+Wheeler+Accident+Lawyer+near+Dallas+75225", "sponsored_links_found": 2}
{"timestamp": "2026-04-22T07:45:54Z", "event_type": "results_extracted", "message": "Iteration completed", "query": "18+Wheeler+Accident+Lawyer+near+Dallas+75225", "sponsored_links_found": 2, "unique_new_records": 0}
{"timestamp": "2026-04-22T07:46:03Z", "event_type": "query_started", "message": "Query started", "profession": "18 Wheeler Accident Lawyer", "location": "Dallas", "pincode": "75225", "iteration": 3}
{"timestamp": "2026-04-22T07:46:13Z", "event_type": "results_extracted", "message": "Sponsored extraction completed", "query": "18+Wheeler+Accident+Lawyer+near+Dallas+75225", "sponsored_links_found": 2}
{"timestamp": "2026-04-22T07:46:13Z", "event_type": "results_extracted", "message": "Iteration completed", "query": "18+Wheeler+Accident+Lawyer+near+Dallas+75225", "sponsored_links_found": 2, "unique_new_records": 0}
{"timestamp": "2026-04-22T07:46:21Z", "event_type": "query_started", "message": "Query started", "profession": "18 Wheeler Accident Lawyer", "location": "Dallas", "pincode": "75225", "iteration": 4}
{"timestamp": "2026-04-22T07:46:32Z", "event_type": "results_extracted", "message": "Sponsored extraction completed", "query": "18+Wheeler+Accident+Lawyer+near+Dallas+75225", "sponsored_links_found": 2}
{"timestamp": "2026-04-22T07:46:32Z", "event_type": "results_extracted", "message": "Iteration completed", "query": "18+Wheeler+Accident+Lawyer+near+Dallas+75225", "sponsored_links_found": 2, "unique_new_records": 0}
{"timestamp": "2026-04-22T07:46:43Z", "event_type": "query_started", "message": "Query started", "profession": "18 Wheeler Accident Lawyer", "location": "Dallas", "pincode": "75225", "iteration": 5}
{"timestamp": "2026-04-22T07:46:54Z", "event_type": "results_extracted", "message": "Sponsored extraction completed", "query": "18+Wheeler+Accident+Lawyer+near+Dallas+75225", "sponsored_links_found": 1}
{"timestamp": "2026-04-22T07:46:54Z", "event_type": "results_extracted", "message": "Iteration completed", "query": "18+Wheeler+Accident+Lawyer+near+Dallas+75225", "sponsored_links_found": 1, "unique_new_records": 0}
{"timestamp": "2026-04-22T07:47:12Z", "event_type": "query_started", "message": "Query started", "profession": "Truck Accident Attorney", "location": "Fort Worth", "pincode": "76107", "iteration": 1}
{"timestamp": "2026-04-22T07:47:21Z", "event_type": "results_extracted", "message": "Sponsored extraction completed", "query": "Truck+Accident+Attorney+near+Fort+Worth+76107", "sponsored_links_found": 1}
{"timestamp": "2026-04-22T07:47:21Z", "event_type": "results_extracted", "message": "Iteration completed", "query": "Truck+Accident+Attorney+near+Fort+Worth+76107", "sponsored_links_found": 1, "unique_new_records": 1}
{"timestamp": "2026-04-22T07:47:33Z", "event_type": "query_started", "message": "Query started", "profession": "Truck Accident Attorney", "location": "Fort Worth", "pincode": "76107", "iteration": 2}
{"timestamp": "2026-04-22T07:47:42Z", "event_type": "results_extracted", "message": "Sponsored extraction completed", "query": "Truck+Accident+Attorney+near+Fort+Worth+76107", "sponsored_links_found": 1}
{"timestamp": "2026-04-22T07:47:42Z", "event_type": "results_extracted", "message": "Iteration completed", "query": "Truck+Accident+Attorney+near+Fort+Worth+76107", "sponsored_links_found": 1, "unique_new_records": 0}
{"timestamp": "2026-04-22T07:47:50Z", "event_type": "query_started", "message": "Query started", "profession": "Truck Accident Attorney", "location": "Fort Worth", "pincode": "76107", "iteration": 3}
{"timestamp": "2026-04-22T07:47:59Z", "event_type": "results_extracted", "message": "Sponsored extraction completed", "query": "Truck+Accident+Attorney+near+Fort+Worth+76107", "sponsored_links_found": 1}
{"timestamp": "2026-04-22T07:47:59Z", "event_type": "results_extracted", "message": "Iteration completed", "query": "Truck+Accident+Attorney+near+Fort+Worth+76107", "sponsored_links_found": 1, "unique_new_records": 0}
{"timestamp": "2026-04-22T07:48:08Z", "event_type": "query_started", "message": "Query started", "profession": "Truck Accident Attorney", "location": "Fort Worth", "pincode": "76107", "iteration": 4}
{"timestamp": "2026-04-22T07:48:33Z", "event_type": "results_extracted", "message": "Sponsored extraction completed", "query": "Truck+Accident+Attorney+near+Fort+Worth+76107", "sponsored_links_found": 0}
{"timestamp": "2026-04-22T07:48:33Z", "event_type": "results_extracted", "message": "Iteration completed", "query": "Truck+Accident+Attorney+near+Fort+Worth+76107", "sponsored_links_found": 0, "unique_new_records": 0}
{"timestamp": "2026-04-22T07:48:44Z", "event_type": "query_started", "message": "Query started", "profession": "Truck Accident Attorney", "location": "Fort Worth", "pincode": "76107", "iteration": 5}
{"timestamp": "2026-04-22T07:48:53Z", "event_type": "results_extracted", "message": "Sponsored extraction completed", "query": "Truck+Accident+Attorney+near+Fort+Worth+76107", "sponsored_links_found": 1}
{"timestamp": "2026-04-22T07:48:53Z", "event_type": "results_extracted", "message": "Iteration completed", "query": "Truck+Accident+Attorney+near+Fort+Worth+76107", "sponsored_links_found": 1, "unique_new_records": 0}
{"timestamp": "2026-04-22T07:49:10Z", "event_type": "query_started", "message": "Query started", "profession": "High Net Worth Divorce Lawyer", "location": "Austin", "pincode": "78703", "iteration": 1}
{"timestamp": "2026-04-22T07:49:19Z", "event_type": "results_extracted", "message": "Sponsored extraction completed", "query": "High+Net+Worth+Divorce+Lawyer+near+Austin+78703", "sponsored_links_found": 0}
{"timestamp": "2026-04-22T07:49:19Z", "event_type": "results_extracted", "message": "Iteration completed", "query": "High+Net+Worth+Divorce+Lawyer+near+Austin+78703", "sponsored_links_found": 0, "unique_new_records": 0}
{"timestamp": "2026-04-22T07:49:30Z", "event_type": "query_started", "message": "Query started", "profession": "High Net Worth Divorce Lawyer", "location": "Austin", "pincode": "78703", "iteration": 2}
{"timestamp": "2026-04-22T07:50:04Z", "event_type": "results_extracted", "message": "Sponsored extraction completed", "query": "High+Net+Worth+Divorce+Lawyer+near+Austin+78703", "sponsored_links_found": 0}
{"timestamp": "2026-04-22T07:50:04Z", "event_type": "results_extracted", "message": "Iteration completed", "query": "High+Net+Worth+Divorce+Lawyer+near+Austin+78703", "sponsored_links_found": 0, "unique_new_records": 0}
{"timestamp": "2026-04-22T07:50:13Z", "event_type": "query_started", "message": "Query started", "profession": "High Net Worth Divorce Lawyer", "location": "Austin", "pincode": "78703", "iteration": 3}
{"timestamp": "2026-04-22T07:50:47Z", "event_type": "results_extracted", "message": "Sponsored extraction completed", "query": "High+Net+Worth+Divorce+Lawyer+near+Austin+78703", "sponsored_links_found": 0}
{"timestamp": "2026-04-22T07:50:47Z", "event_type": "results_extracted", "message": "Iteration completed", "query": "High+Net+Worth+Divorce+Lawyer+near+Austin+78703", "sponsored_links_found": 0, "unique_new_records": 0}
{"timestamp": "2026-04-22T07:50:56Z", "event_type": "query_started", "message": "Query started", "profession": "High Net Worth Divorce Lawyer", "location": "Austin", "pincode": "78703", "iteration": 4}
{"timestamp": "2026-04-22T07:51:35Z", "event_type": "results_extracted", "message": "Sponsored extraction completed", "query": "High+Net+Worth+Divorce+Lawyer+near+Austin+78703", "sponsored_links_found": 0}
{"timestamp": "2026-04-22T07:51:35Z", "event_type": "results_extracted", "message": "Iteration completed", "query": "High+Net+Worth+Divorce+Lawyer+near+Austin+78703", "sponsored_links_found": 0, "unique_new_records": 0}
{"timestamp": "2026-04-22T07:51:47Z", "event_type": "query_started", "message": "Query started", "profession": "High Net Worth Divorce Lawyer", "location": "Austin", "pincode": "78703", "iteration": 5}
{"timestamp": "2026-04-22T07:52:20Z", "event_type": "results_extracted", "message": "Sponsored extraction completed", "query": "High+Net+Worth+Divorce+Lawyer+near+Austin+78703", "sponsored_links_found": 0}
{"timestamp": "2026-04-22T07:52:20Z", "event_type": "results_extracted", "message": "Iteration completed", "query": "High+Net+Worth+Divorce+Lawyer+near+Austin+78703", "sponsored_links_found": 0, "unique_new_records": 0}
{"timestamp": "2026-04-22T07:52:36Z", "event_type": "query_started", "message": "Query started", "profession": "Estate Planning Attorney", "location": "Dallas", "pincode": "75201", "iteration": 1}
{"timestamp": "2026-04-22T07:53:10Z", "event_type": "results_extracted", "message": "Sponsored extraction completed", "query": "Estate+Planning+Attorney+near+Dallas+75201", "sponsored_links_found": 0}
{"timestamp": "2026-04-22T07:53:10Z", "event_type": "results_extracted", "message": "Iteration completed", "query": "Estate+Planning+Attorney+near+Dallas+75201", "sponsored_links_found": 0, "unique_new_records": 0}
{"timestamp": "2026-04-22T07:53:21Z", "event_type": "query_started", "message": "Query started", "profession": "Estate Planning Attorney", "location": "Dallas", "pincode": "75201", "iteration": 2}
{"timestamp": "2026-04-22T07:53:54Z", "event_type": "results_extracted", "message": "Sponsored extraction completed", "query": "Estate+Planning+Attorney+near+Dallas+75201", "sponsored_links_found": 0}
{"timestamp": "2026-04-22T07:53:54Z", "event_type": "results_extracted", "message": "Iteration completed", "query": "Estate+Planning+Attorney+near+Dallas+75201", "sponsored_links_found": 0, "unique_new_records": 0}
{"timestamp": "2026-04-22T07:54:03Z", "event_type": "query_started", "message": "Query started", "profession": "Estate Planning Attorney", "location": "Dallas", "pincode": "75201", "iteration": 3}
{"timestamp": "2026-04-22T07:54:35Z", "event_type": "results_extracted", "message": "Sponsored extraction completed", "query": "Estate+Planning+Attorney+near+Dallas+75201", "sponsored_links_found": 0}
{"timestamp": "2026-04-22T07:54:35Z", "event_type": "results_extracted", "message": "Iteration completed", "query": "Estate+Planning+Attorney+near+Dallas+75201", "sponsored_links_found": 0, "unique_new_records": 0}
{"timestamp": "2026-04-22T07:54:46Z", "event_type": "query_started", "message": "Query started", "profession": "Estate Planning Attorney", "location": "Dallas", "pincode": "75201", "iteration": 4}
{"timestamp": "2026-04-22T07:55:20Z", "event_type": "results_extracted", "message": "Sponsored extraction completed", "query": "Estate+Planning+Attorney+near+Dallas+75201", "sponsored_links_found": 0}
{"timestamp": "2026-04-22T07:55:20Z", "event_type": "results_extracted", "message": "Iteration completed", "query": "Estate+Planning+Attorney+near+Dallas+75201", "sponsored_links_found": 0, "unique_new_records": 0}
{"timestamp": "2026-04-22T07:55:29Z", "event_type": "query_started", "message": "Query started", "profession": "Estate Planning Attorney", "location": "Dallas", "pincode": "75201", "iteration": 5}
{"timestamp": "2026-04-22T07:56:03Z", "event_type": "results_extracted", "message": "Sponsored extraction completed", "query": "Estate+Planning+Attorney+near+Dallas+75201", "sponsored_links_found": 0}
{"timestamp": "2026-04-22T07:56:03Z", "event_type": "results_extracted", "message": "Iteration completed", "query": "Estate+Planning+Attorney+near+Dallas+75201", "sponsored_links_found": 0, "unique_new_records": 0}
{"timestamp": "2026-04-22T07:56:20Z", "event_type": "query_started", "message": "Query started", "profession": "Probate Lawyer", "location": "Houston", "pincode": "77002", "iteration": 1}
{"timestamp": "2026-04-22T07:56:54Z", "event_type": "results_extracted", "message": "Sponsored extraction completed", "query": "Probate+Lawyer+near+Houston+77002", "sponsored_links_found": 0}
{"timestamp": "2026-04-22T07:56:54Z", "event_type": "results_extracted", "message": "Iteration completed", "query": "Probate+Lawyer+near+Houston+77002", "sponsored_links_found": 0, "unique_new_records": 0}
{"timestamp": "2026-04-22T07:57:03Z", "event_type": "query_started", "message": "Query started", "profession": "Probate Lawyer", "location": "Houston", "pincode": "77002", "iteration": 2}
{"timestamp": "2026-04-22T07:57:36Z", "event_type": "results_extracted", "message": "Sponsored extraction completed", "query": "Probate+Lawyer+near+Houston+77002", "sponsored_links_found": 0}
{"timestamp": "2026-04-22T07:57:36Z", "event_type": "results_extracted", "message": "Iteration completed", "query": "Probate+Lawyer+near+Houston+77002", "sponsored_links_found": 0, "unique_new_records": 0}
{"timestamp": "2026-04-22T07:57:48Z", "event_type": "query_started", "message": "Query started", "profession": "Probate Lawyer", "location": "Houston", "pincode": "77002", "iteration": 3}
{"timestamp": "2026-04-22T07:58:21Z", "event_type": "results_extracted", "message": "Sponsored extraction completed", "query": "Probate+Lawyer+near+Houston+77002", "sponsored_links_found": 0}
{"timestamp": "2026-04-22T07:58:21Z", "event_type": "results_extracted", "message": "Iteration completed", "query": "Probate+Lawyer+near+Houston+77002", "sponsored_links_found": 0, "unique_new_records": 0}
{"timestamp": "2026-04-22T07:58:31Z", "event_type": "query_started", "message": "Query started", "profession": "Probate Lawyer", "location": "Houston", "pincode": "77002", "iteration": 4}
{"timestamp": "2026-04-22T07:59:04Z", "event_type": "results_extracted", "message": "Sponsored extraction completed", "query": "Probate+Lawyer+near+Houston+77002", "sponsored_links_found": 0}
{"timestamp": "2026-04-22T07:59:04Z", "event_type": "results_extracted", "message": "Iteration completed", "query": "Probate+Lawyer+near+Houston+77002", "sponsored_links_found": 0, "unique_new_records": 0}
{"timestamp": "2026-04-22T07:59:15Z", "event_type": "query_started", "message": "Query started", "profession": "Probate Lawyer", "location": "Houston", "pincode": "77002", "iteration": 5}
{"timestamp": "2026-04-22T07:59:48Z", "event_type": "results_extracted", "message": "Sponsored extraction completed", "query": "Probate+Lawyer+near+Houston+77002", "sponsored_links_found": 0}
{"timestamp": "2026-04-22T07:59:48Z", "event_type": "results_extracted", "message": "Iteration completed", "query": "Probate+Lawyer+near+Houston+77002", "sponsored_links_found": 0, "unique_new_records": 0}
{"timestamp": "2026-04-22T08:00:06Z", "event_type": "query_started", "message": "Query started", "profession": "Commercial Litigation Attorney", "location": "Plano", "pincode": "75024", "iteration": 1}
{"timestamp": "2026-04-22T08:00:13Z", "event_type": "results_extracted", "message": "Sponsored extraction completed", "query": "Commercial+Litigation+Attorney+near+Plano+75024", "sponsored_links_found": 2}
{"timestamp": "2026-04-22T08:00:13Z", "event_type": "results_extracted", "message": "Iteration completed", "query": "Commercial+Litigation+Attorney+near+Plano+75024", "sponsored_links_found": 2, "unique_new_records": 2}
{"timestamp": "2026-04-22T08:00:22Z", "event_type": "query_started", "message": "Query started", "profession": "Commercial Litigation Attorney", "location": "Plano", "pincode": "75024", "iteration": 2}
{"timestamp": "2026-04-22T08:00:57Z", "event_type": "results_extracted", "message": "Sponsored extraction completed", "query": "Commercial+Litigation+Attorney+near+Plano+75024", "sponsored_links_found": 0}
{"timestamp": "2026-04-22T08:00:57Z", "event_type": "results_extracted", "message": "Iteration completed", "query": "Commercial+Litigation+Attorney+near+Plano+75024", "sponsored_links_found": 0, "unique_new_records": 0}
{"timestamp": "2026-04-22T08:01:08Z", "event_type": "query_started", "message": "Query started", "profession": "Commercial Litigation Attorney", "location": "Plano", "pincode": "75024", "iteration": 3}
{"timestamp": "2026-04-22T08:01:41Z", "event_type": "results_extracted", "message": "Sponsored extraction completed", "query": "Commercial+Litigation+Attorney+near+Plano+75024", "sponsored_links_found": 0}
{"timestamp": "2026-04-22T08:01:41Z", "event_type": "results_extracted", "message": "Iteration completed", "query": "Commercial+Litigation+Attorney+near+Plano+75024", "sponsored_links_found": 0, "unique_new_records": 0}
{"timestamp": "2026-04-22T08:01:52Z", "event_type": "query_started", "message": "Query started", "profession": "Commercial Litigation Attorney", "location": "Plano", "pincode": "75024", "iteration": 4}
{"timestamp": "2026-04-22T08:02:03Z", "event_type": "results_extracted", "message": "Sponsored extraction completed", "query": "Commercial+Litigation+Attorney+near+Plano+75024", "sponsored_links_found": 1}
{"timestamp": "2026-04-22T08:02:03Z", "event_type": "results_extracted", "message": "Iteration completed", "query": "Commercial+Litigation+Attorney+near+Plano+75024", "sponsored_links_found": 1, "unique_new_records": 0}
{"timestamp": "2026-04-22T08:02:12Z", "event_type": "query_started", "message": "Query started", "profession": "Commercial Litigation Attorney", "location": "Plano", "pincode": "75024", "iteration": 5}
{"timestamp": "2026-04-22T08:02:20Z", "event_type": "results_extracted", "message": "Sponsored extraction completed", "query": "Commercial+Litigation+Attorney+near+Plano+75024", "sponsored_links_found": 1}
{"timestamp": "2026-04-22T08:02:20Z", "event_type": "results_extracted", "message": "Iteration completed", "query": "Commercial+Litigation+Attorney+near+Plano+75024", "sponsored_links_found": 1, "unique_new_records": 1}
{"timestamp": "2026-04-22T08:02:38Z", "event_type": "query_started", "message": "Query started", "profession": "18 Wheeler Accident Lawyer", "location": "Southlake", "pincode": "76092", "iteration": 1}
{"timestamp": "2026-04-22T08:02:47Z", "event_type": "results_extracted", "message": "Sponsored extraction completed", "query": "18+Wheeler+Accident+Lawyer+near+Southlake+76092", "sponsored_links_found": 2}
{"timestamp": "2026-04-22T08:02:47Z", "event_type": "results_extracted", "message": "Iteration completed", "query": "18+Wheeler+Accident+Lawyer+near+Southlake+76092", "sponsored_links_found": 2, "unique_new_records": 2}
{"timestamp": "2026-04-22T08:02:58Z", "event_type": "query_started", "message": "Query started", "profession": "18 Wheeler Accident Lawyer", "location": "Southlake", "pincode": "76092", "iteration": 2}
{"timestamp": "2026-04-22T08:03:08Z", "event_type": "results_extracted", "message": "Sponsored extraction completed", "query": "18+Wheeler+Accident+Lawyer+near+Southlake+76092", "sponsored_links_found": 2}
{"timestamp": "2026-04-22T08:03:08Z", "event_type": "results_extracted", "message": "Iteration completed", "query": "18+Wheeler+Accident+Lawyer+near+Southlake+76092", "sponsored_links_found": 2, "unique_new_records": 0}
{"timestamp": "2026-04-22T08:03:18Z", "event_type": "query_started", "message": "Query started", "profession": "18 Wheeler Accident Lawyer", "location": "Southlake", "pincode": "76092", "iteration": 3}
{"timestamp": "2026-04-22T08:03:28Z", "event_type": "results_extracted", "message": "Sponsored extraction completed", "query": "18+Wheeler+Accident+Lawyer+near+Southlake+76092", "sponsored_links_found": 2}
{"timestamp": "2026-04-22T08:03:28Z", "event_type": "results_extracted", "message": "Iteration completed", "query": "18+Wheeler+Accident+Lawyer+near+Southlake+76092", "sponsored_links_found": 2, "unique_new_records": 1}
{"timestamp": "2026-04-22T08:03:39Z", "event_type": "query_started", "message": "Query started", "profession": "18 Wheeler Accident Lawyer", "location": "Southlake", "pincode": "76092", "iteration": 4}
{"timestamp": "2026-04-22T08:03:49Z", "event_type": "results_extracted", "message": "Sponsored extraction completed", "query": "18+Wheeler+Accident+Lawyer+near+Southlake+76092", "sponsored_links_found": 3}
{"timestamp": "2026-04-22T08:03:49Z", "event_type": "results_extracted", "message": "Iteration completed", "query": "18+Wheeler+Accident+Lawyer+near+Southlake+76092", "sponsored_links_found": 3, "unique_new_records": 0}
{"timestamp": "2026-04-22T08:03:59Z", "event_type": "query_started", "message": "Query started", "profession": "18 Wheeler Accident Lawyer", "location": "Southlake", "pincode": "76092", "iteration": 5}
{"timestamp": "2026-04-22T08:04:09Z", "event_type": "results_extracted", "message": "Sponsored extraction completed", "query": "18+Wheeler+Accident+Lawyer+near+Southlake+76092", "sponsored_links_found": 3}
{"timestamp": "2026-04-22T08:04:09Z", "event_type": "results_extracted", "message": "Iteration completed", "query": "18+Wheeler+Accident+Lawyer+near+Southlake+76092", "sponsored_links_found": 3, "unique_new_records": 1}
{"timestamp": "2026-04-22T08:04:23Z", "event_type": "query_started", "message": "Query started", "profession": "Truck Accident Attorney", "location": "San Antonio", "pincode": "78230", "iteration": 1}
{"timestamp": "2026-04-22T08:04:32Z", "event_type": "results_extracted", "message": "Sponsored extraction completed", "query": "Truck+Accident+Attorney+near+San+Antonio+78230", "sponsored_links_found": 2}
{"timestamp": "2026-04-22T08:04:32Z", "event_type": "results_extracted", "message": "Iteration completed", "query": "Truck+Accident+Attorney+near+San+Antonio+78230", "sponsored_links_found": 2, "unique_new_records": 2}
{"timestamp": "2026-04-22T08:04:40Z", "event_type": "query_started", "message": "Query started", "profession": "Truck Accident Attorney", "location": "San Antonio", "pincode": "78230", "iteration": 2}
{"timestamp": "2026-04-22T08:04:47Z", "event_type": "results_extracted", "message": "Sponsored extraction completed", "query": "Truck+Accident+Attorney+near+San+Antonio+78230", "sponsored_links_found": 1}
{"timestamp": "2026-04-22T08:04:47Z", "event_type": "results_extracted", "message": "Iteration completed", "query": "Truck+Accident+Attorney+near+San+Antonio+78230", "sponsored_links_found": 1, "unique_new_records": 0}
{"timestamp": "2026-04-22T08:04:56Z", "event_type": "query_started", "message": "Query started", "profession": "Truck Accident Attorney", "location": "San Antonio", "pincode": "78230", "iteration": 3}
{"timestamp": "2026-04-22T08:05:06Z", "event_type": "results_extracted", "message": "Sponsored extraction completed", "query": "Truck+Accident+Attorney+near+San+Antonio+78230", "sponsored_links_found": 1}
{"timestamp": "2026-04-22T08:05:06Z", "event_type": "results_extracted", "message": "Iteration completed", "query": "Truck+Accident+Attorney+near+San+Antonio+78230", "sponsored_links_found": 1, "unique_new_records": 0}
{"timestamp": "2026-04-22T08:05:16Z", "event_type": "query_started", "message": "Query started", "profession": "Truck Accident Attorney", "location": "San Antonio", "pincode": "78230", "iteration": 4}
{"timestamp": "2026-04-22T08:05:28Z", "event_type": "results_extracted", "message": "Sponsored extraction completed", "query": "Truck+Accident+Attorney+near+San+Antonio+78230", "sponsored_links_found": 10}
{"timestamp": "2026-04-22T08:05:28Z", "event_type": "results_extracted", "message": "Iteration completed", "query": "Truck+Accident+Attorney+near+San+Antonio+78230", "sponsored_links_found": 10, "unique_new_records": 0}
{"timestamp": "2026-04-22T08:05:38Z", "event_type": "query_started", "message": "Query started", "profession": "Truck Accident Attorney", "location": "San Antonio", "pincode": "78230", "iteration": 5}
{"timestamp": "2026-04-22T08:05:47Z", "event_type": "results_extracted", "message": "Sponsored extraction completed", "query": "Truck+Accident+Attorney+near+San+Antonio+78230", "sponsored_links_found": 3}
{"timestamp": "2026-04-22T08:05:47Z", "event_type": "results_extracted", "message": "Iteration completed", "query": "Truck+Accident+Attorney+near+San+Antonio+78230", "sponsored_links_found": 3, "unique_new_records": 1}
{"timestamp": "2026-04-22T08:06:02Z", "event_type": "query_started", "message": "Query started", "profession": "High Net Worth Divorce Lawyer", "location": "Frisco", "pincode": "75033", "iteration": 1}
{"timestamp": "2026-04-22T08:06:09Z", "event_type": "results_extracted", "message": "Sponsored extraction completed", "query": "High+Net+Worth+Divorce+Lawyer+near+Frisco+75033", "sponsored_links_found": 1}
{"timestamp": "2026-04-22T08:06:09Z", "event_type": "results_extracted", "message": "Iteration completed", "query": "High+Net+Worth+Divorce+Lawyer+near+Frisco+75033", "sponsored_links_found": 1, "unique_new_records": 1}
{"timestamp": "2026-04-22T08:06:19Z", "event_type": "query_started", "message": "Query started", "profession": "High Net Worth Divorce Lawyer", "location": "Frisco", "pincode": "75033", "iteration": 2}
{"timestamp": "2026-04-22T08:06:27Z", "event_type": "results_extracted", "message": "Sponsored extraction completed", "query": "High+Net+Worth+Divorce+Lawyer+near+Frisco+75033", "sponsored_links_found": 2}
{"timestamp": "2026-04-22T08:06:27Z", "event_type": "results_extracted", "message": "Iteration completed", "query": "High+Net+Worth+Divorce+Lawyer+near+Frisco+75033", "sponsored_links_found": 2, "unique_new_records": 1}
{"timestamp": "2026-04-22T08:06:37Z", "event_type": "query_started", "message": "Query started", "profession": "High Net Worth Divorce Lawyer", "location": "Frisco", "pincode": "75033", "iteration": 3}
{"timestamp": "2026-04-22T08:06:44Z", "event_type": "results_extracted", "message": "Sponsored extraction completed", "query": "High+Net+Worth+Divorce+Lawyer+near+Frisco+75033", "sponsored_links_found": 1}
{"timestamp": "2026-04-22T08:06:44Z", "event_type": "results_extracted", "message": "Iteration completed", "query": "High+Net+Worth+Divorce+Lawyer+near+Frisco+75033", "sponsored_links_found": 1, "unique_new_records": 0}
{"timestamp": "2026-04-22T08:06:53Z", "event_type": "query_started", "message": "Query started", "profession": "High Net Worth Divorce Lawyer", "location": "Frisco", "pincode": "75033", "iteration": 4}
{"timestamp": "2026-04-22T08:07:01Z", "event_type": "results_extracted", "message": "Sponsored extraction completed", "query": "High+Net+Worth+Divorce+Lawyer+near+Frisco+75033", "sponsored_links_found": 1}
{"timestamp": "2026-04-22T08:07:01Z", "event_type": "results_extracted", "message": "Iteration completed", "query": "High+Net+Worth+Divorce+Lawyer+near+Frisco+75033", "sponsored_links_found": 1, "unique_new_records": 0}
{"timestamp": "2026-04-22T08:07:11Z", "event_type": "query_started", "message": "Query started", "profession": "High Net Worth Divorce Lawyer", "location": "Frisco", "pincode": "75033", "iteration": 5}
{"timestamp": "2026-04-22T08:07:18Z", "event_type": "results_extracted", "message": "Sponsored extraction completed", "query": "High+Net+Worth+Divorce+Lawyer+near+Frisco+75033", "sponsored_links_found": 1}
{"timestamp": "2026-04-22T08:07:18Z", "event_type": "results_extracted", "message": "Iteration completed", "query": "High+Net+Worth+Divorce+Lawyer+near+Frisco+75033", "sponsored_links_found": 1, "unique_new_records": 0}
{"timestamp": "2026-04-22T08:07:34Z", "event_type": "query_started", "message": "Query started", "profession": "Estate Planning Attorney", "location": "West Lake Hills", "pincode": "78733", "iteration": 1}
{"timestamp": "2026-04-22T08:08:08Z", "event_type": "results_extracted", "message": "Sponsored extraction completed", "query": "Estate+Planning+Attorney+near+West+Lake+Hills+78733", "sponsored_links_found": 0}
{"timestamp": "2026-04-22T08:08:08Z", "event_type": "results_extracted", "message": "Iteration completed", "query": "Estate+Planning+Attorney+near+West+Lake+Hills+78733", "sponsored_links_found": 0, "unique_new_records": 0}
{"timestamp": "2026-04-22T08:08:18Z", "event_type": "query_started", "message": "Query started", "profession": "Estate Planning Attorney", "location": "West Lake Hills", "pincode": "78733", "iteration": 2}
{"timestamp": "2026-04-22T08:08:29Z", "event_type": "results_extracted", "message": "Sponsored extraction completed", "query": "Estate+Planning+Attorney+near+West+Lake+Hills+78733", "sponsored_links_found": 1}
{"timestamp": "2026-04-22T08:08:29Z", "event_type": "results_extracted", "message": "Iteration completed", "query": "Estate+Planning+Attorney+near+West+Lake+Hills+78733", "sponsored_links_found": 1, "unique_new_records": 1}
{"timestamp": "2026-04-22T08:08:37Z", "event_type": "query_started", "message": "Query started", "profession": "Estate Planning Attorney", "location": "West Lake Hills", "pincode": "78733", "iteration": 3}
{"timestamp": "2026-04-22T08:09:10Z", "event_type": "results_extracted", "message": "Sponsored extraction completed", "query": "Estate+Planning+Attorney+near+West+Lake+Hills+78733", "sponsored_links_found": 0}
{"timestamp": "2026-04-22T08:09:10Z", "event_type": "results_extracted", "message": "Iteration completed", "query": "Estate+Planning+Attorney+near+West+Lake+Hills+78733", "sponsored_links_found": 0, "unique_new_records": 0}
{"timestamp": "2026-04-22T08:09:22Z", "event_type": "query_started", "message": "Query started", "profession": "Estate Planning Attorney", "location": "West Lake Hills", "pincode": "78733", "iteration": 4}
{"timestamp": "2026-04-22T08:09:57Z", "event_type": "results_extracted", "message": "Sponsored extraction completed", "query": "Estate+Planning+Attorney+near+West+Lake+Hills+78733", "sponsored_links_found": 0}
{"timestamp": "2026-04-22T08:09:57Z", "event_type": "results_extracted", "message": "Iteration completed", "query": "Estate+Planning+Attorney+near+West+Lake+Hills+78733", "sponsored_links_found": 0, "unique_new_records": 0}
{"timestamp": "2026-04-22T08:10:05Z", "event_type": "query_started", "message": "Query started", "profession": "Estate Planning Attorney", "location": "West Lake Hills", "pincode": "78733", "iteration": 5}
{"timestamp": "2026-04-22T08:10:38Z", "event_type": "results_extracted", "message": "Sponsored extraction completed", "query": "Estate+Planning+Attorney+near+West+Lake+Hills+78733", "sponsored_links_found": 0}
{"timestamp": "2026-04-22T08:10:38Z", "event_type": "results_extracted", "message": "Iteration completed", "query": "Estate+Planning+Attorney+near+West+Lake+Hills+78733", "sponsored_links_found": 0, "unique_new_records": 0}
{"timestamp": "2026-04-22T08:10:53Z", "event_type": "query_started", "message": "Query started", "profession": "Probate Lawyer", "location": "Houston", "pincode": "77098", "iteration": 1}
{"timestamp": "2026-04-22T08:11:18Z", "event_type": "results_extracted", "message": "Sponsored extraction completed", "query": "Probate+Lawyer+near+Houston+77098", "sponsored_links_found": 0}
{"timestamp": "2026-04-22T08:11:18Z", "event_type": "results_extracted", "message": "Iteration completed", "query": "Probate+Lawyer+near+Houston+77098", "sponsored_links_found": 0, "unique_new_records": 0}
{"timestamp": "2026-04-22T08:11:29Z", "event_type": "query_started", "message": "Query started", "profession": "Probate Lawyer", "location": "Houston", "pincode": "77098", "iteration": 2}
{"timestamp": "2026-04-22T08:11:53Z", "event_type": "results_extracted", "message": "Sponsored extraction completed", "query": "Probate+Lawyer+near+Houston+77098", "sponsored_links_found": 0}
{"timestamp": "2026-04-22T08:11:53Z", "event_type": "results_extracted", "message": "Iteration completed", "query": "Probate+Lawyer+near+Houston+77098", "sponsored_links_found": 0, "unique_new_records": 0}
{"timestamp": "2026-04-22T08:12:05Z", "event_type": "query_started", "message": "Query started", "profession": "Probate Lawyer", "location": "Houston", "pincode": "77098", "iteration": 3}
{"timestamp": "2026-04-22T08:12:39Z", "event_type": "results_extracted", "message": "Sponsored extraction completed", "query": "Probate+Lawyer+near+Houston+77098", "sponsored_links_found": 0}
{"timestamp": "2026-04-22T08:12:39Z", "event_type": "results_extracted", "message": "Iteration completed", "query": "Probate+Lawyer+near+Houston+77098", "sponsored_links_found": 0, "unique_new_records": 0}
{"timestamp": "2026-04-22T08:12:51Z", "event_type": "query_started", "message": "Query started", "profession": "Probate Lawyer", "location": "Houston", "pincode": "77098", "iteration": 4}
{"timestamp": "2026-04-22T08:13:24Z", "event_type": "results_extracted", "message": "Sponsored extraction completed", "query": "Probate+Lawyer+near+Houston+77098", "sponsored_links_found": 0}
{"timestamp": "2026-04-22T08:13:24Z", "event_type": "results_extracted", "message": "Iteration completed", "query": "Probate+Lawyer+near+Houston+77098", "sponsored_links_found": 0, "unique_new_records": 0}
{"timestamp": "2026-04-22T08:13:32Z", "event_type": "query_started", "message": "Query started", "profession": "Probate Lawyer", "location": "Houston", "pincode": "77098", "iteration": 5}
{"timestamp": "2026-04-22T08:13:41Z", "event_type": "results_extracted", "message": "Sponsored extraction completed", "query": "Probate+Lawyer+near+Houston+77098", "sponsored_links_found": 1}
{"timestamp": "2026-04-22T08:13:41Z", "event_type": "results_extracted", "message": "Iteration completed", "query": "Probate+Lawyer+near+Houston+77098", "sponsored_links_found": 1, "unique_new_records": 1}
{"timestamp": "2026-04-22T08:13:56Z", "event_type": "query_started", "message": "Query started", "profession": "Business Litigation Attorney", "location": "Fort Worth", "pincode": "76102", "iteration": 1}
{"timestamp": "2026-04-22T08:14:30Z", "event_type": "results_extracted", "message": "Sponsored extraction completed", "query": "Business+Litigation+Attorney+near+Fort+Worth+76102", "sponsored_links_found": 0}
{"timestamp": "2026-04-22T08:14:30Z", "event_type": "results_extracted", "message": "Iteration completed", "query": "Business+Litigation+Attorney+near+Fort+Worth+76102", "sponsored_links_found": 0, "unique_new_records": 0}
{"timestamp": "2026-04-22T08:14:39Z", "event_type": "query_started", "message": "Query started", "profession": "Business Litigation Attorney", "location": "Fort Worth", "pincode": "76102", "iteration": 2}
{"timestamp": "2026-04-22T08:15:13Z", "event_type": "results_extracted", "message": "Sponsored extraction completed", "query": "Business+Litigation+Attorney+near+Fort+Worth+76102", "sponsored_links_found": 0}
{"timestamp": "2026-04-22T08:15:13Z", "event_type": "results_extracted", "message": "Iteration completed", "query": "Business+Litigation+Attorney+near+Fort+Worth+76102", "sponsored_links_found": 0, "unique_new_records": 0}
{"timestamp": "2026-04-22T08:15:22Z", "event_type": "query_started", "message": "Query started", "profession": "Business Litigation Attorney", "location": "Fort Worth", "pincode": "76102", "iteration": 3}
{"timestamp": "2026-04-22T08:15:56Z", "event_type": "results_extracted", "message": "Sponsored extraction completed", "query": "Business+Litigation+Attorney+near+Fort+Worth+76102", "sponsored_links_found": 0}
{"timestamp": "2026-04-22T08:15:56Z", "event_type": "results_extracted", "message": "Iteration completed", "query": "Business+Litigation+Attorney+near+Fort+Worth+76102", "sponsored_links_found": 0, "unique_new_records": 0}
{"timestamp": "2026-04-22T08:16:06Z", "event_type": "query_started", "message": "Query started", "profession": "Business Litigation Attorney", "location": "Fort Worth", "pincode": "76102", "iteration": 4}
{"timestamp": "2026-04-22T08:16:15Z", "event_type": "results_extracted", "message": "Sponsored extraction completed", "query": "Business+Litigation+Attorney+near+Fort+Worth+76102", "sponsored_links_found": 1}
{"timestamp": "2026-04-22T08:16:15Z", "event_type": "results_extracted", "message": "Iteration completed", "query": "Business+Litigation+Attorney+near+Fort+Worth+76102", "sponsored_links_found": 1, "unique_new_records": 1}
{"timestamp": "2026-04-22T08:16:25Z", "event_type": "query_started", "message": "Query started", "profession": "Business Litigation Attorney", "location": "Fort Worth", "pincode": "76102", "iteration": 5}
{"timestamp": "2026-04-22T08:16:36Z", "event_type": "results_extracted", "message": "Sponsored extraction completed", "query": "Business+Litigation+Attorney+near+Fort+Worth+76102", "sponsored_links_found": 2}
{"timestamp": "2026-04-22T08:16:36Z", "event_type": "results_extracted", "message": "Iteration completed", "query": "Business+Litigation+Attorney+near+Fort+Worth+76102", "sponsored_links_found": 2, "unique_new_records": 1}
{"timestamp": "2026-04-22T08:16:53Z", "event_type": "query_started", "message": "Query started", "profession": "Personal Injury Attorney", "location": "Flower Mound", "pincode": "75022", "iteration": 1}
{"timestamp": "2026-04-22T08:17:03Z", "event_type": "results_extracted", "message": "Sponsored extraction completed", "query": "Personal+Injury+Attorney+near+Flower+Mound+75022", "sponsored_links_found": 4}
{"timestamp": "2026-04-22T08:17:03Z", "event_type": "results_extracted", "message": "Iteration completed", "query": "Personal+Injury+Attorney+near+Flower+Mound+75022", "sponsored_links_found": 4, "unique_new_records": 3}
{"timestamp": "2026-04-22T08:17:13Z", "event_type": "query_started", "message": "Query started", "profession": "Personal Injury Attorney", "location": "Flower Mound", "pincode": "75022", "iteration": 2}
{"timestamp": "2026-04-22T08:17:26Z", "event_type": "results_extracted", "message": "Sponsored extraction completed", "query": "Personal+Injury+Attorney+near+Flower+Mound+75022", "sponsored_links_found": 2}
{"timestamp": "2026-04-22T08:17:26Z", "event_type": "results_extracted", "message": "Iteration completed", "query": "Personal+Injury+Attorney+near+Flower+Mound+75022", "sponsored_links_found": 2, "unique_new_records": 2}
{"timestamp": "2026-04-22T08:17:35Z", "event_type": "query_started", "message": "Query started", "profession": "Personal Injury Attorney", "location": "Flower Mound", "pincode": "75022", "iteration": 3}
{"timestamp": "2026-04-22T08:17:48Z", "event_type": "results_extracted", "message": "Sponsored extraction completed", "query": "Personal+Injury+Attorney+near+Flower+Mound+75022", "sponsored_links_found": 1}
{"timestamp": "2026-04-22T08:17:48Z", "event_type": "results_extracted", "message": "Iteration completed", "query": "Personal+Injury+Attorney+near+Flower+Mound+75022", "sponsored_links_found": 1, "unique_new_records": 0}
{"timestamp": "2026-04-22T08:17:57Z", "event_type": "query_started", "message": "Query started", "profession": "Personal Injury Attorney", "location": "Flower Mound", "pincode": "75022", "iteration": 4}
{"timestamp": "2026-04-22T08:18:07Z", "event_type": "results_extracted", "message": "Sponsored extraction completed", "query": "Personal+Injury+Attorney+near+Flower+Mound+75022", "sponsored_links_found": 3}
{"timestamp": "2026-04-22T08:18:07Z", "event_type": "results_extracted", "message": "Iteration completed", "query": "Personal+Injury+Attorney+near+Flower+Mound+75022", "sponsored_links_found": 3, "unique_new_records": 0}
{"timestamp": "2026-04-22T08:18:19Z", "event_type": "query_started", "message": "Query started", "profession": "Personal Injury Attorney", "location": "Flower Mound", "pincode": "75022", "iteration": 5}
{"timestamp": "2026-04-22T08:18:27Z", "event_type": "results_extracted", "message": "Sponsored extraction completed", "query": "Personal+Injury+Attorney+near+Flower+Mound+75022", "sponsored_links_found": 2}
{"timestamp": "2026-04-22T08:18:27Z", "event_type": "results_extracted", "message": "Iteration completed", "query": "Personal+Injury+Attorney+near+Flower+Mound+75022", "sponsored_links_found": 2, "unique_new_records": 1}
{"timestamp": "2026-04-22T08:18:45Z", "event_type": "query_started", "message": "Query started", "profession": "Estate Planning Attorney", "location": "Colleyville", "pincode": "76034", "iteration": 1}
{"timestamp": "2026-04-22T08:18:55Z", "event_type": "results_extracted", "message": "Sponsored extraction completed", "query": "Estate+Planning+Attorney+near+Colleyville+76034", "sponsored_links_found": 2}
{"timestamp": "2026-04-22T08:18:55Z", "event_type": "results_extracted", "message": "Iteration completed", "query": "Estate+Planning+Attorney+near+Colleyville+76034", "sponsored_links_found": 2, "unique_new_records": 2}
{"timestamp": "2026-04-22T08:19:06Z", "event_type": "query_started", "message": "Query started", "profession": "Estate Planning Attorney", "location": "Colleyville", "pincode": "76034", "iteration": 2}
{"timestamp": "2026-04-22T08:19:16Z", "event_type": "results_extracted", "message": "Sponsored extraction completed", "query": "Estate+Planning+Attorney+near+Colleyville+76034", "sponsored_links_found": 0}
{"timestamp": "2026-04-22T08:19:16Z", "event_type": "results_extracted", "message": "Iteration completed", "query": "Estate+Planning+Attorney+near+Colleyville+76034", "sponsored_links_found": 0, "unique_new_records": 0}
{"timestamp": "2026-04-22T08:19:26Z", "event_type": "query_started", "message": "Query started", "profession": "Estate Planning Attorney", "location": "Colleyville", "pincode": "76034", "iteration": 3}
{"timestamp": "2026-04-22T08:19:35Z", "event_type": "results_extracted", "message": "Sponsored extraction completed", "query": "Estate+Planning+Attorney+near+Colleyville+76034", "sponsored_links_found": 2}
{"timestamp": "2026-04-22T08:19:35Z", "event_type": "results_extracted", "message": "Iteration completed", "query": "Estate+Planning+Attorney+near+Colleyville+76034", "sponsored_links_found": 2, "unique_new_records": 1}
{"timestamp": "2026-04-22T08:19:44Z", "event_type": "query_started", "message": "Query started", "profession": "Estate Planning Attorney", "location": "Colleyville", "pincode": "76034", "iteration": 4}
{"timestamp": "2026-04-22T08:19:53Z", "event_type": "results_extracted", "message": "Sponsored extraction completed", "query": "Estate+Planning+Attorney+near+Colleyville+76034", "sponsored_links_found": 1}
{"timestamp": "2026-04-22T08:19:53Z", "event_type": "results_extracted", "message": "Iteration completed", "query": "Estate+Planning+Attorney+near+Colleyville+76034", "sponsored_links_found": 1, "unique_new_records": 0}
{"timestamp": "2026-04-22T08:20:02Z", "event_type": "query_started", "message": "Query started", "profession": "Estate Planning Attorney", "location": "Colleyville", "pincode": "76034", "iteration": 5}
{"timestamp": "2026-04-22T08:20:09Z", "event_type": "results_extracted", "message": "Sponsored extraction completed", "query": "Estate+Planning+Attorney+near+Colleyville+76034", "sponsored_links_found": 4}
{"timestamp": "2026-04-22T08:20:09Z", "event_type": "results_extracted", "message": "Iteration completed", "query": "Estate+Planning+Attorney+near+Colleyville+76034", "sponsored_links_found": 4, "unique_new_records": 2}
{"timestamp": "2026-04-22T08:20:19Z", "event_type": "completed", "message": "Scrape completed", "records_written": 45}
